<?xml version="1.0" encoding="UTF-8"?>
<!-- Generated by org.testng.reporters.JUnitReportReporter -->
<testsuite skipped="0" hostname="DESKTOP-2IEME8E" name="script.ValidLogin" tests="1" failures="0" timestamp="22 Feb 2018 20:59:27 GMT" time="14.384" errors="0">
  <testcase name="testValidLogin" time="14.384" classname="script.ValidLogin"/>
</testsuite> <!-- script.ValidLogin -->
